<?xml version="1.0" encoding="UTF-8"?>
<!-- Generated by org.testng.reporters.JUnitReportReporter -->
<testsuite skipped="0" hostname="ACER" name="cucumberOptions.TestNgTestRunner" tests="8" failures="0" timestamp="2022-10-02T16:49:12 BST" time="0.373" errors="0">
  <testcase name="runScenario" time="0.013" classname="cucumberOptions.TestNgTestRunner"/>
  <system-out/>
  <testcase name="runScenario" time="0.321" classname="cucumberOptions.TestNgTestRunner"/>
  <system-out/>
  <testcase name="runScenario" time="0.006" classname="cucumberOptions.TestNgTestRunner"/>
  <system-out/>
  <testcase name="runScenario" time="0.004" classname="cucumberOptions.TestNgTestRunner"/>
  <system-out/>
  <testcase name="runScenario" time="0.008" classname="cucumberOptions.TestNgTestRunner"/>
  <system-out/>
  <testcase name="runScenario" time="0.008" classname="cucumberOptions.TestNgTestRunner"/>
  <system-out/>
  <testcase name="runScenario" time="0.005" classname="cucumberOptions.TestNgTestRunner"/>
  <system-out/>
  <testcase name="runScenario" time="0.008" classname="cucumberOptions.TestNgTestRunner"/>
  <system-out/>
</testsuite> <!-- cucumberOptions.TestNgTestRunner -->
