<?xml version="1.0" encoding="UTF-8"?>
<!-- Generated by org.testng.reporters.JUnitReportReporter -->
<testsuite skipped="0" hostname="ACER" name="cucumberOptions.TestNgTestRunner" tests="8" failures="0" timestamp="2022-09-27T14:09:17 BST" time="0.435" errors="0">
  <testcase name="runScenario" time="0.008" classname="cucumberOptions.TestNgTestRunner"/>
  <system-out/>
  <testcase name="runScenario" time="0.017" classname="cucumberOptions.TestNgTestRunner"/>
  <system-out/>
  <testcase name="runScenario" time="0.008" classname="cucumberOptions.TestNgTestRunner"/>
  <system-out/>
  <testcase name="runScenario" time="0.013" classname="cucumberOptions.TestNgTestRunner"/>
  <system-out/>
  <testcase name="runScenario" time="0.055" classname="cucumberOptions.TestNgTestRunner"/>
  <system-out/>
  <testcase name="runScenario" time="0.010" classname="cucumberOptions.TestNgTestRunner"/>
  <system-out/>
  <testcase name="runScenario" time="0.302" classname="cucumberOptions.TestNgTestRunner"/>
  <system-out/>
  <testcase name="runScenario" time="0.022" classname="cucumberOptions.TestNgTestRunner"/>
  <system-out/>
</testsuite> <!-- cucumberOptions.TestNgTestRunner -->
